Build started 3.6.2017. 21:51:02.
     1>Project "C:\Users\DEX\Downloads\20072300_dpc_project\Bilatteral_grid\Bilatteral_grid.vcxproj" on node 2 (Build target(s)).
     1>ClCompile:
         C:\Program Files (x86)\Microsoft Visual Studio 12.0\VC\bin\x86_amd64\CL.exe /c /I../libs/ /I"C:\Program Files\NVIDIA GPU Computing Toolkit\CUDA\v8.0\include" /I"C:\Program Files\NVIDIA GPU Computing Toolkit\CUDA\v8.0\include" /Zi /nologo /W3 /WX- /Od /D _MBCS /Gm /EHsc /RTC1 /MDd /GS /fp:precise /Zc:wchar_t /Zc:forScope /Fo"x64\Debug\\" /Fd"x64\Debug\vc120.pdb" /Gd /TP /errorReport:prompt main.cpp
         main.cpp
       Link:
         C:\Program Files (x86)\Microsoft Visual Studio 12.0\VC\bin\x86_amd64\link.exe /ERRORREPORT:PROMPT /OUT:"C:\Users\DEX\Downloads\20072300_dpc_project\x64\Debug\Bilateral_filtering.exe" /INCREMENTAL /NOLOGO /LIBPATH:"C:\Program Files\NVIDIA GPU Computing Toolkit\CUDA\v8.0\lib\x64" cudart.lib kernel32.lib user32.lib gdi32.lib winspool.lib comdlg32.lib advapi32.lib shell32.lib ole32.lib oleaut32.lib uuid.lib odbc32.lib odbccp32.lib kernel32.lib user32.lib gdi32.lib winspool.lib comdlg32.lib advapi32.lib shell32.lib ole32.lib oleaut32.lib uuid.lib odbc32.lib odbccp32.lib /MANIFEST /MANIFESTUAC:"level='asInvoker' uiAccess='false'" /manifest:embed /DEBUG /PDB:"C:\Users\DEX\Downloads\20072300_dpc_project\x64\Debug\Bilateral_filtering.pdb" /SUBSYSTEM:CONSOLE /TLBID:1 /DYNAMICBASE /NXCOMPAT /IMPLIB:"C:\Users\DEX\Downloads\20072300_dpc_project\x64\Debug\Bilateral_filtering.lib" /MACHINE:X64 x64\Debug\filtering.cu.obj
         x64\Debug\error.obj
         x64\Debug\image2d.obj
         x64\Debug\cuda_utilities.obj
         x64\Debug\hr_time.obj
         x64\Debug\main.obj
         x64\Debug\spatial_filers.obj
         Bilatteral_grid.vcxproj -> C:\Users\DEX\Downloads\20072300_dpc_project\x64\Debug\Bilateral_filtering.exe
       PostBuildEvent:
         echo copy "C:\Program Files\NVIDIA GPU Computing Toolkit\CUDA\v8.0\bin\cudart*.dll" "C:\Users\DEX\Downloads\20072300_dpc_project\x64\Debug\"
         copy "C:\Program Files\NVIDIA GPU Computing Toolkit\CUDA\v8.0\bin\cudart*.dll" "C:\Users\DEX\Downloads\20072300_dpc_project\x64\Debug\"
         :VCEnd
         copy "C:\Program Files\NVIDIA GPU Computing Toolkit\CUDA\v8.0\bin\cudart*.dll" "C:\Users\DEX\Downloads\20072300_dpc_project\x64\Debug\"
         C:\Program Files\NVIDIA GPU Computing Toolkit\CUDA\v8.0\bin\cudart32_80.dll
         C:\Program Files\NVIDIA GPU Computing Toolkit\CUDA\v8.0\bin\cudart64_80.dll
                 2 file(s) copied.
     1>Done Building Project "C:\Users\DEX\Downloads\20072300_dpc_project\Bilatteral_grid\Bilatteral_grid.vcxproj" (Build target(s)).

Build succeeded.

Time Elapsed 00:00:02.63
